-------------------------------------------------------------------------------
Test set: com.ing.async.future.ProcessAPIResponseTest
-------------------------------------------------------------------------------
Tests run: 1, Failures: 1, Errors: 0, Skipped: 0, Time elapsed: 0.02 s <<< FAILURE! - in com.ing.async.future.ProcessAPIResponseTest
getResponseFromAPIInSuccessScenario  Time elapsed: 0.02 s  <<< FAILURE!
java.lang.AssertionError: expected:<4> but was:<0>
	at com.ing.async.future.ProcessAPIResponseTest.getResponseFromAPIInSuccessScenario(ProcessAPIResponseTest.java:18)

